<?xml version="1.0" encoding="UTF-8"?>
<!-- Generated by org.testng.reporters.JUnitReportReporter -->
<testsuite hostname="LAPTOP-U66FBCGM" failures="0" tests="4" name="SCREENSHOT.ScreenshotDemo" time="11.424" errors="0" timestamp="2023-09-24T16:33:28 IST" skipped="0">
  <testcase classname="SCREENSHOT.ScreenshotDemo" name="openGoogle" time="10.691"/>
  <testcase classname="SCREENSHOT.ScreenshotDemo" name="screenshotFile" time="0.156"/>
  <testcase classname="SCREENSHOT.ScreenshotDemo" name="screenshotBytes" time="0.141"/>
  <testcase classname="SCREENSHOT.ScreenshotDemo" name="screenshotString" time="0.436"/>
</testsuite> <!-- SCREENSHOT.ScreenshotDemo -->
