<?xml version="1.0" encoding="UTF-8"?>
<!-- Generated by org.testng.reporters.JUnitReportReporter -->
<testsuite hostname="LAPTOP-U66FBCGM" failures="0" tests="1" name="PRACTICE.ActionsDemo" time="25.038" errors="0" timestamp="2023-10-26T22:47:22 IST" skipped="0">
  <testcase classname="PRACTICE.ActionsDemo" name="caps" time="25.038"/>
</testsuite> <!-- PRACTICE.ActionsDemo -->
