<?xml version="1.0" encoding="UTF-8"?>
<!-- Generated by org.testng.reporters.JUnitReportReporter -->
<testsuite hostname="LAPTOP-U66FBCGM" failures="0" tests="2" name="PRACTICE.ParameterDemoParallel" time="16.026" errors="0" timestamp="2023-10-24T22:19:46 IST" skipped="0">
  <testcase classname="PRACTICE.ParameterDemoParallel" name="youtube" time="8.027"/>
  <testcase classname="PRACTICE.ParameterDemoParallel" name="google" time="7.999"/>
</testsuite> <!-- PRACTICE.ParameterDemoParallel -->
