<?xml version="1.0" encoding="UTF-8"?>
<!-- Generated by org.testng.reporters.JUnitReportReporter -->
<testsuite hostname="LAPTOP-U66FBCGM" failures="0" tests="4" name="PRACTICE.Data" time="0.010" errors="0" timestamp="2023-10-13T15:08:18 IST" skipped="0">
  <testcase classname="PRACTICE.Data" name="test" time="0.001"/>
  <testcase classname="PRACTICE.Data" name="test" time="0.001"/>
  <testcase classname="PRACTICE.Data" name="test" time="0.001"/>
  <testcase classname="PRACTICE.Data" name="test" time="0.007"/>
</testsuite> <!-- PRACTICE.Data -->
