<?xml version="1.0" encoding="UTF-8"?>
<!-- Generated by org.testng.reporters.JUnitReportReporter -->
<testsuite hostname="LAPTOP-U66FBCGM" failures="0" tests="2" name="PRACTICE.dataProviderReturnTypes" time="0.011" errors="0" timestamp="2023-11-05T23:02:25 IST" skipped="0">
  <testcase classname="PRACTICE.dataProviderReturnTypes" name="test2" time="0.001"/>
  <testcase classname="PRACTICE.dataProviderReturnTypes" name="test2" time="0.010"/>
</testsuite> <!-- PRACTICE.dataProviderReturnTypes -->
