<?xml version="1.0" encoding="UTF-8"?>
<!-- Generated by org.testng.reporters.JUnitReportReporter -->
<testsuite hostname="LAPTOP-U66FBCGM" failures="0" tests="1" name="SCREENSHOT.ScreenshotTakenParticularElement" time="8.478" errors="0" timestamp="2023-09-24T21:04:30 IST" skipped="0">
  <testcase classname="SCREENSHOT.ScreenshotTakenParticularElement" name="element" time="8.478"/>
</testsuite> <!-- SCREENSHOT.ScreenshotTakenParticularElement -->
