<?xml version="1.0" encoding="UTF-8"?>
<!-- Generated by org.testng.reporters.JUnitReportReporter -->
<testsuite hostname="LAPTOP-U66FBCGM" failures="0" tests="1" name="PRACTICE.screenshotParticularElement" time="16.701" errors="1" timestamp="2023-10-26T21:52:12 IST" skipped="0">
  <testcase classname="PRACTICE.screenshotParticularElement" name="take" time="16.701">
    <error message="org.openqa.selenium.JavascriptException: javascript error: $ is not defined
  (Session info: MicrosoftEdge=118.0.2088.69)
Build info: version: &#039;4.9.1&#039;, revision: &#039;eb2032df7f&#039;
System info: os.name: &#039;Windows 11&#039;, os.arch: &#039;amd64&#039;, os.version: &#039;10.0&#039;, java.version: &#039;19.0.2&#039;
Driver info: org.openqa.selenium.edge.EdgeDriver
Command: [2a66ce0f4a85f47345240357f4586669, executeScript {script=function Coords(el) {
    this.left = parseInt(el.offset().left);
    this.top = parseInt(el.offset().top);
    this.right = parseInt(this.left + el.outerWidth());
    this.bottom = parseInt(this.top + el.outerHeight());
}

Coords.prototype.toString = function () {
    var x = Math.max(this.left, 0);
    var y = Math.max(this.top, 0);
    return JSON.stringify({
        x:x,
        y:y,
        width:this.right - x,
        height:this.bottom - y
    });
};

return [(new Coords($(arguments[0]))).toString()];
, args=[{element-6066-11e4-a52e-4f735466cecf=F8B91A1A8AC72D112EF7885362608E89_element_11}]}]
Capabilities {acceptInsecureCerts: false, browserName: msedge, browserVersion: 118.0.2088.69, fedcm:accounts: true, ms:edgeOptions: {debuggerAddress: localhost:57720}, msedge: {msedgedriverVersion: 118.0.2088.61 (7eef737ea63b..., userDataDir: C:\Users\AKILAR~1\AppData\L...}, networkConnectionEnabled: false, pageLoadStrategy: normal, platformName: windows, proxy: Proxy(), se:cdp: ws://localhost:57720/devtoo..., se:cdpVersion: 118.0.2088.69, setWindowRect: true, strictFileInteractability: false, timeouts: {implicit: 0, pageLoad: 300000, script: 30000}, unhandledPromptBehavior: dismiss and notify, webauthn:extension:credBlob: true, webauthn:extension:largeBlob: true, webauthn:extension:minPinLength: true, webauthn:extension:prf: true, webauthn:virtualAuthenticators: true}
Session ID: 2a66ce0f4a85f47345240357f4586669" type="java.lang.RuntimeException">
      <![CDATA[java.lang.RuntimeException: org.openqa.selenium.JavascriptException: javascript error: $ is not defined
  (Session info: MicrosoftEdge=118.0.2088.69)
Build info: version: '4.9.1', revision: 'eb2032df7f'
System info: os.name: 'Windows 11', os.arch: 'amd64', os.version: '10.0', java.version: '19.0.2'
Driver info: org.openqa.selenium.edge.EdgeDriver
Command: [2a66ce0f4a85f47345240357f4586669, executeScript {script=function Coords(el) {
    this.left = parseInt(el.offset().left);
    this.top = parseInt(el.offset().top);
    this.right = parseInt(this.left + el.outerWidth());
    this.bottom = parseInt(this.top + el.outerHeight());
}

Coords.prototype.toString = function () {
    var x = Math.max(this.left, 0);
    var y = Math.max(this.top, 0);
    return JSON.stringify({
        x:x,
        y:y,
        width:this.right - x,
        height:this.bottom - y
    });
};

return [(new Coords($(arguments[0]))).toString()];
, args=[{element-6066-11e4-a52e-4f735466cecf=F8B91A1A8AC72D112EF7885362608E89_element_11}]}]
Capabilities {acceptInsecureCerts: false, browserName: msedge, browserVersion: 118.0.2088.69, fedcm:accounts: true, ms:edgeOptions: {debuggerAddress: localhost:57720}, msedge: {msedgedriverVersion: 118.0.2088.61 (7eef737ea63b..., userDataDir: C:\Users\AKILAR~1\AppData\L...}, networkConnectionEnabled: false, pageLoadStrategy: normal, platformName: windows, proxy: Proxy(), se:cdp: ws://localhost:57720/devtoo..., se:cdpVersion: 118.0.2088.69, setWindowRect: true, strictFileInteractability: false, timeouts: {implicit: 0, pageLoad: 300000, script: 30000}, unhandledPromptBehavior: dismiss and notify, webauthn:extension:credBlob: true, webauthn:extension:largeBlob: true, webauthn:extension:minPinLength: true, webauthn:extension:prf: true, webauthn:virtualAuthenticators: true}
Session ID: 2a66ce0f4a85f47345240357f4586669
at ru.yandex.qatools.ashot.util.InnerScript.execute(InnerScript.java:32)
at ru.yandex.qatools.ashot.util.JsCoords.findCoordsWithJquery(JsCoords.java:24)
at ru.yandex.qatools.ashot.coordinates.JqueryCoordsProvider.ofElement(JqueryCoordsProvider.java:14)
at ru.yandex.qatools.ashot.coordinates.CoordsProvider.ofElements(CoordsProvider.java:21)
at ru.yandex.qatools.ashot.AShot.takeScreenshot(AShot.java:116)
at ru.yandex.qatools.ashot.AShot.takeScreenshot(AShot.java:134)
at PRACTICE.screenshotParticularElement.take(screenshotParticularElement.java:50)
at java.base/jdk.internal.reflect.DirectMethodHandleAccessor.invoke(DirectMethodHandleAccessor.java:104)
at java.base/java.lang.reflect.Method.invoke(Method.java:578)
at org.testng.internal.invokers.MethodInvocationHelper.invokeMethod(MethodInvocationHelper.java:139)
at org.testng.internal.invokers.TestInvoker.invokeMethod(TestInvoker.java:664)
at org.testng.internal.invokers.TestInvoker.invokeTestMethod(TestInvoker.java:227)
at org.testng.internal.invokers.MethodRunner.runInSequence(MethodRunner.java:50)
at org.testng.internal.invokers.TestInvoker$MethodInvocationAgent.invoke(TestInvoker.java:957)
at org.testng.internal.invokers.TestInvoker.invokeTestMethods(TestInvoker.java:200)
at org.testng.internal.invokers.TestMethodWorker.invokeTestMethods(TestMethodWorker.java:148)
at org.testng.internal.invokers.TestMethodWorker.run(TestMethodWorker.java:128)
at java.base/java.util.ArrayList.forEach(ArrayList.java:1511)
at org.testng.TestRunner.privateRun(TestRunner.java:848)
at org.testng.TestRunner.run(TestRunner.java:621)
at org.testng.SuiteRunner.runTest(SuiteRunner.java:443)
at org.testng.SuiteRunner.runSequentially(SuiteRunner.java:437)
at org.testng.SuiteRunner.privateRun(SuiteRunner.java:397)
at org.testng.SuiteRunner.run(SuiteRunner.java:336)
at org.testng.SuiteRunnerWorker.runSuite(SuiteRunnerWorker.java:52)
at org.testng.SuiteRunnerWorker.run(SuiteRunnerWorker.java:95)
at org.testng.TestNG.runSuitesSequentially(TestNG.java:1280)
at org.testng.TestNG.runSuitesLocally(TestNG.java:1200)
at org.testng.TestNG.runSuites(TestNG.java:1114)
at org.testng.TestNG.run(TestNG.java:1082)
at org.testng.remote.AbstractRemoteTestNG.run(AbstractRemoteTestNG.java:115)
at org.testng.remote.RemoteTestNG.initAndRun(RemoteTestNG.java:251)
at org.testng.remote.RemoteTestNG.main(RemoteTestNG.java:77)
Caused by: org.openqa.selenium.JavascriptException: javascript error: $ is not defined
  (Session info: MicrosoftEdge=118.0.2088.69)
Build info: version: '4.9.1', revision: 'eb2032df7f'
System info: os.name: 'Windows 11', os.arch: 'amd64', os.version: '10.0', java.version: '19.0.2'
Driver info: org.openqa.selenium.edge.EdgeDriver
Command: [2a66ce0f4a85f47345240357f4586669, executeScript {script=function Coords(el) {
    this.left = parseInt(el.offset().left);
    this.top = parseInt(el.offset().top);
    this.right = parseInt(this.left + el.outerWidth());
    this.bottom = parseInt(this.top + el.outerHeight());
}

Coords.prototype.toString = function () {
    var x = Math.max(this.left, 0);
    var y = Math.max(this.top, 0);
    return JSON.stringify({
        x:x,
        y:y,
        width:this.right - x,
        height:this.bottom - y
    });
};

return [(new Coords($(arguments[0]))).toString()];
, args=[{element-6066-11e4-a52e-4f735466cecf=F8B91A1A8AC72D112EF7885362608E89_element_11}]}]
Capabilities {acceptInsecureCerts: false, browserName: msedge, browserVersion: 118.0.2088.69, fedcm:accounts: true, ms:edgeOptions: {debuggerAddress: localhost:57720}, msedge: {msedgedriverVersion: 118.0.2088.61 (7eef737ea63b..., userDataDir: C:\Users\AKILAR~1\AppData\L...}, networkConnectionEnabled: false, pageLoadStrategy: normal, platformName: windows, proxy: Proxy(), se:cdp: ws://localhost:57720/devtoo..., se:cdpVersion: 118.0.2088.69, setWindowRect: true, strictFileInteractability: false, timeouts: {implicit: 0, pageLoad: 300000, script: 30000}, unhandledPromptBehavior: dismiss and notify, webauthn:extension:credBlob: true, webauthn:extension:largeBlob: true, webauthn:extension:minPinLength: true, webauthn:extension:prf: true, webauthn:virtualAuthenticators: true}
Session ID: 2a66ce0f4a85f47345240357f4586669
at java.base/jdk.internal.reflect.DirectConstructorHandleAccessor.newInstance(DirectConstructorHandleAccessor.java:67)
at java.base/java.lang.reflect.Constructor.newInstanceWithCaller(Constructor.java:500)
at java.base/java.lang.reflect.Constructor.newInstance(Constructor.java:484)
at org.openqa.selenium.remote.codec.w3c.W3CHttpResponseCodec.createException(W3CHttpResponseCodec.java:200)
at org.openqa.selenium.remote.codec.w3c.W3CHttpResponseCodec.decode(W3CHttpResponseCodec.java:133)
at org.openqa.selenium.remote.codec.w3c.W3CHttpResponseCodec.decode(W3CHttpResponseCodec.java:53)
at org.openqa.selenium.remote.HttpCommandExecutor.execute(HttpCommandExecutor.java:193)
at org.openqa.selenium.remote.service.DriverCommandExecutor.invokeExecute(DriverCommandExecutor.java:183)
at org.openqa.selenium.remote.service.DriverCommandExecutor.execute(DriverCommandExecutor.java:158)
at org.openqa.selenium.remote.RemoteWebDriver.execute(RemoteWebDriver.java:543)
at org.openqa.selenium.remote.RemoteWebDriver.executeScript(RemoteWebDriver.java:480)
at ru.yandex.qatools.ashot.util.InnerScript.execute(InnerScript.java:30)
... 32 more
]]>
    </error>
  </testcase> <!-- take -->
</testsuite> <!-- PRACTICE.screenshotParticularElement -->
