<?xml version="1.0" encoding="UTF-8"?>
<!-- Generated by org.testng.reporters.JUnitReportReporter -->
<testsuite hostname="LAPTOP-U66FBCGM" failures="0" tests="1" name="PRACTICE.ExceptionDemo" time="0.011" errors="0" timestamp="2023-10-24T22:36:57 IST" skipped="0">
  <testcase classname="PRACTICE.ExceptionDemo" name="test2" time="0.011"/>
</testsuite> <!-- PRACTICE.ExceptionDemo -->
