<?xml version="1.0" encoding="UTF-8"?>
<!-- Generated by org.testng.reporters.JUnitReportReporter -->
<testsuite hostname="LAPTOP-U66FBCGM" failures="0" tests="1" name="UTILITIES.DataProvider1" time="0.815" errors="0" timestamp="2023-11-05T22:17:27 IST" skipped="0">
  <testcase classname="UTILITIES.DataProvider1" name="testData" time="0.815"/>
</testsuite> <!-- UTILITIES.DataProvider1 -->
