<?xml version="1.0" encoding="UTF-8"?>
<!-- Generated by org.testng.reporters.JUnitReportReporter -->
<testsuite hostname="LAPTOP-U66FBCGM" failures="0" tests="1" name="PRACTICE.F2" time="0.001" errors="0" timestamp="2023-10-24T22:42:01 IST" skipped="0">
  <testcase classname="PRACTICE.F2" name="t2" time="0.001"/>
</testsuite> <!-- PRACTICE.F2 -->
